2018-07-13T20:09:46+00:00 ERR (3): Error Code: 07c0d8
exception 'Zend_Db_Statement_Mysqli_Exception' with message 'Mysqli prepare error: MySQL server has gone away' in /var/www/html/socialengine/application/libraries/Zend/Db/Statement/Mysqli.php:77
Stack trace:
#0 /var/www/html/socialengine/application/libraries/Zend/Db/Statement.php(115): Zend_Db_Statement_Mysqli->_prepare('SELECT `engine4...')
#1 /var/www/html/socialengine/application/libraries/Zend/Db/Adapter/Mysqli.php(388): Zend_Db_Statement->__construct(Object(Zend_Db_Adapter_Mysqli), 'SELECT `engine4...')
#2 /var/www/html/socialengine/application/libraries/Zend/Db/Adapter/Abstract.php(479): Zend_Db_Adapter_Mysqli->prepare('SELECT `engine4...')
#3 /var/www/html/socialengine/application/libraries/Zend/Db/Table/Abstract.php(1577): Zend_Db_Adapter_Abstract->query(Object(Zend_Db_Table_Select))
#4 /var/www/html/socialengine/application/libraries/Zend/Db/Table/Abstract.php(1439): Zend_Db_Table_Abstract->_fetch(Object(Zend_Db_Table_Select))
#5 /var/www/html/socialengine/application/modules/Core/Model/DbTable/Tasks.php(299): Zend_Db_Table_Abstract->fetchRow(Array)
#6 /var/www/html/socialengine/application/modules/Core/Model/DbTable/Tasks.php(257): Core_Model_DbTable_Tasks->_triggerCheck()
#7 /var/www/html/socialengine/application/modules/Core/Bootstrap.php(90): Core_Model_DbTable_Tasks->trigger()
#8 /var/www/html/socialengine/application/libraries/Engine/Application.php(160): Core_Bootstrap->run()
#9 /var/www/html/socialengine/application/index.php(223): Engine_Application->run()
#10 /var/www/html/socialengine/index.php(77): include('/var/www/html/s...')
#11 {main}
2018-07-13T20:09:46+00:00 ERR (3): Error Code: dd4ebe
exception 'Zend_Db_Statement_Mysqli_Exception' with message 'Mysqli prepare error: MySQL server has gone away' in /var/www/html/socialengine/application/libraries/Zend/Db/Statement/Mysqli.php:77
Stack trace:
#0 /var/www/html/socialengine/application/libraries/Zend/Db/Statement.php(115): Zend_Db_Statement_Mysqli->_prepare('SELECT `engine4...')
#1 /var/www/html/socialengine/application/libraries/Zend/Db/Adapter/Mysqli.php(388): Zend_Db_Statement->__construct(Object(Zend_Db_Adapter_Mysqli), 'SELECT `engine4...')
#2 /var/www/html/socialengine/application/libraries/Zend/Db/Adapter/Abstract.php(479): Zend_Db_Adapter_Mysqli->prepare('SELECT `engine4...')
#3 /var/www/html/socialengine/application/libraries/Zend/Db/Table/Abstract.php(1577): Zend_Db_Adapter_Abstract->query(Object(Zend_Db_Table_Select))
#4 /var/www/html/socialengine/application/libraries/Zend/Db/Table/Abstract.php(1439): Zend_Db_Table_Abstract->_fetch(Object(Zend_Db_Table_Select))
#5 /var/www/html/socialengine/application/modules/Core/Model/DbTable/Tasks.php(299): Zend_Db_Table_Abstract->fetchRow(Array)
#6 /var/www/html/socialengine/application/modules/Core/Model/DbTable/Tasks.php(257): Core_Model_DbTable_Tasks->_triggerCheck()
#7 /var/www/html/socialengine/application/modules/Core/Bootstrap.php(90): Core_Model_DbTable_Tasks->trigger()
#8 /var/www/html/socialengine/application/libraries/Engine/Application.php(160): Core_Bootstrap->run()
#9 /var/www/html/socialengine/application/index.php(223): Engine_Application->run()
#10 /var/www/html/socialengine/index.php(77): include('/var/www/html/s...')
#11 {main}
2018-07-13T20:15:20+00:00 CRIT (2): exception 'Zend_Db_Statement_Mysqli_Exception' with message 'Mysqli prepare error: MySQL server has gone away' in /var/www/html/socialengine/application/libraries/Zend/Db/Statement/Mysqli.php:77
Stack trace:
#0 /var/www/html/socialengine/application/libraries/Zend/Db/Statement.php(115): Zend_Db_Statement_Mysqli->_prepare('SELECT SUM(valu...')
#1 /var/www/html/socialengine/application/libraries/Zend/Db/Adapter/Mysqli.php(388): Zend_Db_Statement->__construct(Object(Zend_Db_Adapter_Mysqli), 'SELECT SUM(valu...')
#2 /var/www/html/socialengine/application/libraries/Zend/Db/Adapter/Abstract.php(479): Zend_Db_Adapter_Mysqli->prepare('SELECT SUM(valu...')
#3 /var/www/html/socialengine/application/libraries/Zend/Db/Select.php(711): Zend_Db_Adapter_Abstract->query(Object(Zend_Db_Select))
#4 /var/www/html/socialengine/application/modules/Core/Model/DbTable/Statistics.php(104): Zend_Db_Select->query()
#5 /var/www/html/socialengine/application/modules/Core/widgets/admin-statistics/Controller.php(57): Core_Model_DbTable_Statistics->getTotal('user.creations')
#6 /var/www/html/socialengine/application/libraries/Engine/Content/Widget/Abstract.php(254): Core_Widget_AdminStatisticsController->indexAction()
#7 /var/www/html/socialengine/application/libraries/Engine/Content/Element/Widget.php(73): Engine_Content_Widget_Abstract->render('index')
#8 /var/www/html/socialengine/application/libraries/Engine/Content/Element/Abstract.php(583): Engine_Content_Element_Widget->_render()
#9 /var/www/html/socialengine/application/libraries/Engine/Content/Decorator/Children.php(31): Engine_Content_Element_Abstract->render()
#10 /var/www/html/socialengine/application/libraries/Engine/Content/Element/Abstract.php(594): Engine_Content_Decorator_Children->render('')
#11 /var/www/html/socialengine/application/libraries/Engine/View/Helper/Content.php(80): Engine_Content_Element_Abstract->render()
#12 /var/www/html/socialengine/application/modules/Core/views/scripts/admin-index/index.tpl(18): Engine_View_Helper_Content->renderWidget('core.admin-stat...')
#13 /var/www/html/socialengine/application/libraries/Zend/View.php(157): include('/var/www/html/s...')
#14 /var/www/html/socialengine/application/libraries/Zend/View/Abstract.php(888): Zend_View->_run('/var/www/html/s...')
#15 /var/www/html/socialengine/application/libraries/Zend/Controller/Action/Helper/ViewRenderer.php(912): Zend_View_Abstract->render('admin-index/ind...')
#16 /var/www/html/socialengine/application/libraries/Zend/Controller/Action/Helper/ViewRenderer.php(933): Zend_Controller_Action_Helper_ViewRenderer->renderScript('admin-index/ind...', NULL)
#17 /var/www/html/socialengine/application/libraries/Zend/Controller/Action/Helper/ViewRenderer.php(972): Zend_Controller_Action_Helper_ViewRenderer->render()
#18 /var/www/html/socialengine/application/libraries/Zend/Controller/Action/HelperBroker.php(277): Zend_Controller_Action_Helper_ViewRenderer->postDispatch()
#19 /var/www/html/socialengine/application/libraries/Zend/Controller/Action.php(527): Zend_Controller_Action_HelperBroker->notifyPostDispatch()
#20 /var/www/html/socialengine/application/libraries/Zend/Controller/Dispatcher/Standard.php(308): Zend_Controller_Action->dispatch('indexAction')
#21 /var/www/html/socialengine/application/libraries/Zend/Controller/Front.php(954): Zend_Controller_Dispatcher_Standard->dispatch(Object(Zend_Controller_Request_Http), Object(Zend_Controller_Response_Http))
#22 /var/www/html/socialengine/application/modules/Core/Bootstrap.php(84): Zend_Controller_Front->dispatch()
#23 /var/www/html/socialengine/application/libraries/Engine/Application.php(160): Core_Bootstrap->run()
#24 /var/www/html/socialengine/application/index.php(223): Engine_Application->run()
#25 /var/www/html/socialengine/index.php(77): include('/var/www/html/s...')
#26 {main}
2018-07-13T20:15:21+00:00 CRIT (2): exception 'Zend_Db_Statement_Mysqli_Exception' with message 'Mysqli prepare error: MySQL server has gone away' in /var/www/html/socialengine/application/libraries/Zend/Db/Statement/Mysqli.php:77
Stack trace:
#0 /var/www/html/socialengine/application/libraries/Zend/Db/Statement.php(115): Zend_Db_Statement_Mysqli->_prepare('SELECT COUNT(us...')
#1 /var/www/html/socialengine/application/libraries/Zend/Db/Adapter/Mysqli.php(388): Zend_Db_Statement->__construct(Object(Zend_Db_Adapter_Mysqli), 'SELECT COUNT(us...')
#2 /var/www/html/socialengine/application/libraries/Zend/Db/Adapter/Abstract.php(479): Zend_Db_Adapter_Mysqli->prepare('SELECT COUNT(us...')
#3 /var/www/html/socialengine/application/libraries/Zend/Db/Select.php(711): Zend_Db_Adapter_Abstract->query(Object(Zend_Db_Select))
#4 /var/www/html/socialengine/application/modules/Core/widgets/admin-dashboard/Controller.php(27): Zend_Db_Select->query()
#5 /var/www/html/socialengine/application/libraries/Engine/Content/Widget/Abstract.php(254): Core_Widget_AdminDashboardController->indexAction()
#6 /var/www/html/socialengine/application/libraries/Engine/Content/Element/Widget.php(73): Engine_Content_Widget_Abstract->render('index')
#7 /var/www/html/socialengine/application/libraries/Engine/Content/Element/Abstract.php(583): Engine_Content_Element_Widget->_render()
#8 /var/www/html/socialengine/application/libraries/Engine/Content/Decorator/Children.php(31): Engine_Content_Element_Abstract->render()
#9 /var/www/html/socialengine/application/libraries/Engine/Content/Element/Abstract.php(594): Engine_Content_Decorator_Children->render('')
#10 /var/www/html/socialengine/application/libraries/Engine/View/Helper/Content.php(80): Engine_Content_Element_Abstract->render()
#11 /var/www/html/socialengine/application/modules/Core/views/scripts/admin-index/index.tpl(23): Engine_View_Helper_Content->renderWidget('core.admin-dash...')
#12 /var/www/html/socialengine/application/libraries/Zend/View.php(157): include('/var/www/html/s...')
#13 /var/www/html/socialengine/application/libraries/Zend/View/Abstract.php(888): Zend_View->_run('/var/www/html/s...')
#14 /var/www/html/socialengine/application/libraries/Zend/Controller/Action/Helper/ViewRenderer.php(912): Zend_View_Abstract->render('admin-index/ind...')
#15 /var/www/html/socialengine/application/libraries/Zend/Controller/Action/Helper/ViewRenderer.php(933): Zend_Controller_Action_Helper_ViewRenderer->renderScript('admin-index/ind...', NULL)
#16 /var/www/html/socialengine/application/libraries/Zend/Controller/Action/Helper/ViewRenderer.php(972): Zend_Controller_Action_Helper_ViewRenderer->render()
#17 /var/www/html/socialengine/application/libraries/Zend/Controller/Action/HelperBroker.php(277): Zend_Controller_Action_Helper_ViewRenderer->postDispatch()
#18 /var/www/html/socialengine/application/libraries/Zend/Controller/Action.php(527): Zend_Controller_Action_HelperBroker->notifyPostDispatch()
#19 /var/www/html/socialengine/application/libraries/Zend/Controller/Dispatcher/Standard.php(308): Zend_Controller_Action->dispatch('indexAction')
#20 /var/www/html/socialengine/application/libraries/Zend/Controller/Front.php(954): Zend_Controller_Dispatcher_Standard->dispatch(Object(Zend_Controller_Request_Http), Object(Zend_Controller_Response_Http))
#21 /var/www/html/socialengine/application/modules/Core/Bootstrap.php(84): Zend_Controller_Front->dispatch()
#22 /var/www/html/socialengine/application/libraries/Engine/Application.php(160): Core_Bootstrap->run()
#23 /var/www/html/socialengine/application/index.php(223): Engine_Application->run()
#24 /var/www/html/socialengine/index.php(77): include('/var/www/html/s...')
#25 {main}
2018-07-13T20:15:24+00:00 CRIT (2): exception 'Zend_Db_Statement_Mysqli_Exception' with message 'Mysqli prepare error: MySQL server has gone away' in /var/www/html/socialengine/application/libraries/Zend/Db/Statement/Mysqli.php:77
Stack trace:
#0 /var/www/html/socialengine/application/libraries/Zend/Db/Statement.php(115): Zend_Db_Statement_Mysqli->_prepare('SELECT `engine4...')
#1 /var/www/html/socialengine/application/libraries/Zend/Db/Adapter/Mysqli.php(388): Zend_Db_Statement->__construct(Object(Zend_Db_Adapter_Mysqli), 'SELECT `engine4...')
#2 /var/www/html/socialengine/application/libraries/Zend/Db/Adapter/Abstract.php(479): Zend_Db_Adapter_Mysqli->prepare('SELECT `engine4...')
#3 /var/www/html/socialengine/application/libraries/Zend/Db/Table/Abstract.php(1577): Zend_Db_Adapter_Abstract->query(Object(Zend_Db_Table_Select))
#4 /var/www/html/socialengine/application/libraries/Zend/Db/Table/Abstract.php(1392): Zend_Db_Table_Abstract->_fetch(Object(Zend_Db_Table_Select))
#5 /var/www/html/socialengine/application/modules/Core/Api/Menus.php(169): Zend_Db_Table_Abstract->fetchAll(Object(Zend_Db_Table_Select))
#6 /var/www/html/socialengine/application/modules/Core/Api/Menus.php(32): Core_Api_Menus->getMenu('core_admin_main')
#7 /var/www/html/socialengine/application/modules/Core/Api/Menus.php(24): Core_Api_Menus->getMenuParams('core_admin_main', Array, NULL)
#8 /var/www/html/socialengine/application/modules/Core/widgets/admin-menu-main/Controller.php(25): Core_Api_Menus->getNavigation('core_admin_main')
#9 /var/www/html/socialengine/application/libraries/Engine/Content/Widget/Abstract.php(254): Core_Widget_AdminMenuMainController->indexAction()
#10 /var/www/html/socialengine/application/libraries/Engine/Content/Element/Widget.php(73): Engine_Content_Widget_Abstract->render('index')
#11 /var/www/html/socialengine/application/libraries/Engine/Content/Element/Abstract.php(583): Engine_Content_Element_Widget->_render()
#12 /var/www/html/socialengine/application/libraries/Engine/Content/Decorator/Children.php(31): Engine_Content_Element_Abstract->render()
#13 /var/www/html/socialengine/application/libraries/Engine/Content/Element/Abstract.php(594): Engine_Content_Decorator_Children->render('')
#14 /var/www/html/socialengine/application/libraries/Engine/View/Helper/Content.php(80): Engine_Content_Element_Abstract->render()
#15 /var/www/html/socialengine/application/modules/Core/layouts/scripts/admin.tpl(191): Engine_View_Helper_Content->renderWidget('core.admin-menu...')
#16 /var/www/html/socialengine/application/libraries/Zend/View.php(157): include('/var/www/html/s...')
#17 /var/www/html/socialengine/application/libraries/Zend/View/Abstract.php(888): Zend_View->_run('/var/www/html/s...')
#18 /var/www/html/socialengine/application/libraries/Zend/Layout.php(796): Zend_View_Abstract->render('admin.tpl')
#19 /var/www/html/socialengine/application/libraries/Zend/Layout/Controller/Plugin/Layout.php(143): Zend_Layout->render()
#20 /var/www/html/socialengine/application/libraries/Zend/Controller/Plugin/Broker.php(333): Zend_Layout_Controller_Plugin_Layout->postDispatch(Object(Zend_Controller_Request_Http))
#21 /var/www/html/socialengine/application/libraries/Zend/Controller/Front.php(965): Zend_Controller_Plugin_Broker->postDispatch(Object(Zend_Controller_Request_Http))
#22 /var/www/html/socialengine/application/modules/Core/Bootstrap.php(84): Zend_Controller_Front->dispatch()
#23 /var/www/html/socialengine/application/libraries/Engine/Application.php(160): Core_Bootstrap->run()
#24 /var/www/html/socialengine/application/index.php(223): Engine_Application->run()
#25 /var/www/html/socialengine/index.php(77): include('/var/www/html/s...')
#26 {main}
2018-07-13T20:15:24+00:00 ERR (3): Error Code: acec08
exception 'Zend_Db_Statement_Mysqli_Exception' with message 'Mysqli prepare error: MySQL server has gone away' in /var/www/html/socialengine/application/libraries/Zend/Db/Statement/Mysqli.php:77
Stack trace:
#0 /var/www/html/socialengine/application/libraries/Zend/Db/Statement.php(115): Zend_Db_Statement_Mysqli->_prepare('SELECT `engine4...')
#1 /var/www/html/socialengine/application/libraries/Zend/Db/Adapter/Mysqli.php(388): Zend_Db_Statement->__construct(Object(Zend_Db_Adapter_Mysqli), 'SELECT `engine4...')
#2 /var/www/html/socialengine/application/libraries/Zend/Db/Adapter/Abstract.php(479): Zend_Db_Adapter_Mysqli->prepare('SELECT `engine4...')
#3 /var/www/html/socialengine/application/libraries/Zend/Db/Table/Abstract.php(1577): Zend_Db_Adapter_Abstract->query(Object(Zend_Db_Table_Select))
#4 /var/www/html/socialengine/application/libraries/Zend/Db/Table/Abstract.php(1439): Zend_Db_Table_Abstract->_fetch(Object(Zend_Db_Table_Select))
#5 /var/www/html/socialengine/application/modules/Core/Model/DbTable/Tasks.php(299): Zend_Db_Table_Abstract->fetchRow(Array)
#6 /var/www/html/socialengine/application/modules/Core/Model/DbTable/Tasks.php(257): Core_Model_DbTable_Tasks->_triggerCheck()
#7 /var/www/html/socialengine/application/modules/Core/Bootstrap.php(90): Core_Model_DbTable_Tasks->trigger()
#8 /var/www/html/socialengine/application/libraries/Engine/Application.php(160): Core_Bootstrap->run()
#9 /var/www/html/socialengine/application/index.php(223): Engine_Application->run()
#10 /var/www/html/socialengine/index.php(77): include('/var/www/html/s...')
#11 {main}
2018-07-13T20:18:30+00:00 CRIT (2): 
Error Code: 7623b9
exception 'Zend_Db_Statement_Mysqli_Exception' with message 'Mysqli prepare error: MySQL server has gone away' in /var/www/html/socialengine/application/libraries/Zend/Db/Statement/Mysqli.php:77
Stack trace:
#0 /var/www/html/socialengine/application/libraries/Zend/Db/Statement.php(115): Zend_Db_Statement_Mysqli->_prepare('SELECT `engine4...')
#1 /var/www/html/socialengine/application/libraries/Zend/Db/Adapter/Mysqli.php(388): Zend_Db_Statement->__construct(Object(Zend_Db_Adapter_Mysqli), 'SELECT `engine4...')
#2 /var/www/html/socialengine/application/libraries/Zend/Db/Adapter/Abstract.php(479): Zend_Db_Adapter_Mysqli->prepare('SELECT `engine4...')
#3 /var/www/html/socialengine/application/libraries/Zend/Db/Table/Abstract.php(1577): Zend_Db_Adapter_Abstract->query(Object(Zend_Db_Table_Select))
#4 /var/www/html/socialengine/application/libraries/Zend/Db/Table/Abstract.php(1439): Zend_Db_Table_Abstract->_fetch(Object(Zend_Db_Table_Select))
#5 /var/www/html/socialengine/application/modules/Core/Model/DbTable/Pages.php(46): Zend_Db_Table_Abstract->fetchRow(Object(Zend_Db_Table_Select))
#6 /var/www/html/socialengine/application/libraries/Engine/Content.php(215): Core_Model_DbTable_Pages->loadContent(Object(Engine_Content), 'header')
#7 /var/www/html/socialengine/application/libraries/Engine/View/Helper/Content.php(47): Engine_Content->render('header')
#8 [internal function]: Engine_View_Helper_Content->content('header')
#9 /var/www/html/socialengine/application/libraries/Zend/View/Abstract.php(350): call_user_func_array(Array, Array)
#10 /var/www/html/socialengine/application/modules/Core/layouts/scripts/default.tpl(15): Zend_View_Abstract->__call('content', Array)
#11 /var/www/html/socialengine/application/modules/Core/layouts/scripts/default.tpl(15): Zend_View->content('header')
#12 /var/www/html/socialengine/application/libraries/Zend/View.php(157): include('/var/www/html/s...')
#13 /var/www/html/socialengine/application/libraries/Zend/View/Abstract.php(888): Zend_View->_run('/var/www/html/s...')
#14 /var/www/html/socialengine/application/libraries/Zend/Layout.php(796): Zend_View_Abstract->render('default.tpl')
#15 /var/www/html/socialengine/application/libraries/Zend/Layout/Controller/Plugin/Layout.php(143): Zend_Layout->render()
#16 /var/www/html/socialengine/application/libraries/Zend/Controller/Plugin/Broker.php(333): Zend_Layout_Controller_Plugin_Layout->postDispatch(Object(Zend_Controller_Request_Http))
#17 /var/www/html/socialengine/application/libraries/Zend/Controller/Front.php(965): Zend_Controller_Plugin_Broker->postDispatch(Object(Zend_Controller_Request_Http))
#18 /var/www/html/socialengine/application/modules/Core/Bootstrap.php(84): Zend_Controller_Front->dispatch()
#19 /var/www/html/socialengine/application/libraries/Engine/Application.php(160): Core_Bootstrap->run()
#20 /var/www/html/socialengine/application/index.php(223): Engine_Application->run()
#21 /var/www/html/socialengine/index.php(77): include('/var/www/html/s...')
#22 {main}
2018-07-13T20:18:30+00:00 ERR (3): Error Code: 810bce
exception 'Zend_Db_Statement_Mysqli_Exception' with message 'Mysqli prepare error: MySQL server has gone away' in /var/www/html/socialengine/application/libraries/Zend/Db/Statement/Mysqli.php:77
Stack trace:
#0 /var/www/html/socialengine/application/libraries/Zend/Db/Statement.php(115): Zend_Db_Statement_Mysqli->_prepare('UPDATE `engine4...')
#1 /var/www/html/socialengine/application/libraries/Zend/Db/Adapter/Mysqli.php(388): Zend_Db_Statement->__construct(Object(Zend_Db_Adapter_Mysqli), 'UPDATE `engine4...')
#2 /var/www/html/socialengine/application/libraries/Zend/Db/Adapter/Abstract.php(479): Zend_Db_Adapter_Mysqli->prepare('UPDATE `engine4...')
#3 /var/www/html/socialengine/application/libraries/Zend/Db/Adapter/Abstract.php(635): Zend_Db_Adapter_Abstract->query('UPDATE `engine4...', Array)
#4 /var/www/html/socialengine/application/libraries/Zend/Db/Table/Abstract.php(1133): Zend_Db_Adapter_Abstract->update('engine4_core_st...', Array, Array)
#5 /var/www/html/socialengine/application/libraries/Engine/Db/Table.php(158): Zend_Db_Table_Abstract->update(Array, Array)
#6 /var/www/html/socialengine/application/modules/Core/Model/DbTable/Statistics.php(48): Engine_Db_Table->update(Array, Array)
#7 /var/www/html/socialengine/application/modules/Core/Controller/Action/Standard.php(57): Core_Model_DbTable_Statistics->increment('core.views')
#8 /var/www/html/socialengine/application/libraries/Zend/Controller/Action.php(521): Core_Controller_Action_Standard->postDispatch()
#9 /var/www/html/socialengine/application/libraries/Zend/Controller/Dispatcher/Standard.php(308): Zend_Controller_Action->dispatch('errorAction')
#10 /var/www/html/socialengine/application/libraries/Zend/Controller/Front.php(954): Zend_Controller_Dispatcher_Standard->dispatch(Object(Zend_Controller_Request_Http), Object(Zend_Controller_Response_Http))
#11 /var/www/html/socialengine/application/modules/Core/Bootstrap.php(84): Zend_Controller_Front->dispatch()
#12 /var/www/html/socialengine/application/libraries/Engine/Application.php(160): Core_Bootstrap->run()
#13 /var/www/html/socialengine/application/index.php(223): Engine_Application->run()
#14 /var/www/html/socialengine/index.php(77): include('/var/www/html/s...')
#15 {main}

Next exception 'Zend_Controller_Exception' with message 'Mysqli prepare error: MySQL server has gone away#0 /var/www/html/socialengine/application/libraries/Zend/Db/Statement.php(115): Zend_Db_Statement_Mysqli->_prepare('UPDATE `engine4...')
#1 /var/www/html/socialengine/application/libraries/Zend/Db/Adapter/Mysqli.php(388): Zend_Db_Statement->__construct(Object(Zend_Db_Adapter_Mysqli), 'UPDATE `engine4...')
#2 /var/www/html/socialengine/application/libraries/Zend/Db/Adapter/Abstract.php(479): Zend_Db_Adapter_Mysqli->prepare('UPDATE `engine4...')
#3 /var/www/html/socialengine/application/libraries/Zend/Db/Adapter/Abstract.php(635): Zend_Db_Adapter_Abstract->query('UPDATE `engine4...', Array)
#4 /var/www/html/socialengine/application/libraries/Zend/Db/Table/Abstract.php(1133): Zend_Db_Adapter_Abstract->update('engine4_core_st...', Array, Array)
#5 /var/www/html/socialengine/application/libraries/Engine/Db/Table.php(158): Zend_Db_Table_Abstract->update(Array, Array)
#6 /var/www/html/socialengine/application/modules/Core/Model/DbTable/Statistics.php(48): Engine_Db_Table->update(Array, Array)
#7 /var/www/html/socialengine/application/modules/Core/Controller/Action/Standard.php(57): Core_Model_DbTable_Statistics->increment('core.views')
#8 /var/www/html/socialengine/application/libraries/Zend/Controller/Action.php(521): Core_Controller_Action_Standard->postDispatch()
#9 /var/www/html/socialengine/application/libraries/Zend/Controller/Dispatcher/Standard.php(308): Zend_Controller_Action->dispatch('errorAction')
#10 /var/www/html/socialengine/application/libraries/Zend/Controller/Front.php(954): Zend_Controller_Dispatcher_Standard->dispatch(Object(Zend_Controller_Request_Http), Object(Zend_Controller_Response_Http))
#11 /var/www/html/socialengine/application/modules/Core/Bootstrap.php(84): Zend_Controller_Front->dispatch()
#12 /var/www/html/socialengine/application/libraries/Engine/Application.php(160): Core_Bootstrap->run()
#13 /var/www/html/socialengine/application/index.php(223): Engine_Application->run()
#14 /var/www/html/socialengine/index.php(77): include('/var/www/html/s...')
#15 {main}' in /var/www/html/socialengine/application/libraries/Zend/Controller/Plugin/Broker.php:336
Stack trace:
#0 /var/www/html/socialengine/application/libraries/Zend/Controller/Front.php(965): Zend_Controller_Plugin_Broker->postDispatch(Object(Zend_Controller_Request_Http))
#1 /var/www/html/socialengine/application/modules/Core/Bootstrap.php(84): Zend_Controller_Front->dispatch()
#2 /var/www/html/socialengine/application/libraries/Engine/Application.php(160): Core_Bootstrap->run()
#3 /var/www/html/socialengine/application/index.php(223): Engine_Application->run()
#4 /var/www/html/socialengine/index.php(77): include('/var/www/html/s...')
#5 {main}
2018-07-13T20:22:30+00:00 CRIT (2): exception 'Zend_Db_Statement_Mysqli_Exception' with message 'Mysqli prepare error: MySQL server has gone away' in /var/www/html/socialengine/application/libraries/Zend/Db/Statement/Mysqli.php:77
Stack trace:
#0 /var/www/html/socialengine/application/libraries/Zend/Db/Statement.php(115): Zend_Db_Statement_Mysqli->_prepare('SELECT `engine4...')
#1 /var/www/html/socialengine/application/libraries/Zend/Db/Adapter/Mysqli.php(388): Zend_Db_Statement->__construct(Object(Zend_Db_Adapter_Mysqli), 'SELECT `engine4...')
#2 /var/www/html/socialengine/application/libraries/Zend/Db/Adapter/Abstract.php(479): Zend_Db_Adapter_Mysqli->prepare('SELECT `engine4...')
#3 /var/www/html/socialengine/application/libraries/Zend/Db/Table/Abstract.php(1577): Zend_Db_Adapter_Abstract->query(Object(Zend_Db_Table_Select))
#4 /var/www/html/socialengine/application/libraries/Zend/Db/Table/Abstract.php(1392): Zend_Db_Table_Abstract->_fetch(Object(Zend_Db_Table_Select))
#5 /var/www/html/socialengine/application/modules/Core/Api/Menus.php(169): Zend_Db_Table_Abstract->fetchAll(Object(Zend_Db_Table_Select))
#6 /var/www/html/socialengine/application/modules/Core/Api/Menus.php(32): Core_Api_Menus->getMenu('core_admin_main')
#7 /var/www/html/socialengine/application/modules/Core/Api/Menus.php(24): Core_Api_Menus->getMenuParams('core_admin_main', Array, NULL)
#8 /var/www/html/socialengine/application/modules/Core/widgets/admin-menu-main/Controller.php(25): Core_Api_Menus->getNavigation('core_admin_main')
#9 /var/www/html/socialengine/application/libraries/Engine/Content/Widget/Abstract.php(254): Core_Widget_AdminMenuMainController->indexAction()
#10 /var/www/html/socialengine/application/libraries/Engine/Content/Element/Widget.php(73): Engine_Content_Widget_Abstract->render('index')
#11 /var/www/html/socialengine/application/libraries/Engine/Content/Element/Abstract.php(583): Engine_Content_Element_Widget->_render()
#12 /var/www/html/socialengine/application/libraries/Engine/Content/Decorator/Children.php(31): Engine_Content_Element_Abstract->render()
#13 /var/www/html/socialengine/application/libraries/Engine/Content/Element/Abstract.php(594): Engine_Content_Decorator_Children->render('')
#14 /var/www/html/socialengine/application/libraries/Engine/View/Helper/Content.php(80): Engine_Content_Element_Abstract->render()
#15 /var/www/html/socialengine/application/modules/Core/layouts/scripts/admin.tpl(191): Engine_View_Helper_Content->renderWidget('core.admin-menu...')
#16 /var/www/html/socialengine/application/libraries/Zend/View.php(157): include('/var/www/html/s...')
#17 /var/www/html/socialengine/application/libraries/Zend/View/Abstract.php(888): Zend_View->_run('/var/www/html/s...')
#18 /var/www/html/socialengine/application/libraries/Zend/Layout.php(796): Zend_View_Abstract->render('admin.tpl')
#19 /var/www/html/socialengine/application/libraries/Zend/Layout/Controller/Plugin/Layout.php(143): Zend_Layout->render()
#20 /var/www/html/socialengine/application/libraries/Zend/Controller/Plugin/Broker.php(333): Zend_Layout_Controller_Plugin_Layout->postDispatch(Object(Zend_Controller_Request_Http))
#21 /var/www/html/socialengine/application/libraries/Zend/Controller/Front.php(965): Zend_Controller_Plugin_Broker->postDispatch(Object(Zend_Controller_Request_Http))
#22 /var/www/html/socialengine/application/modules/Core/Bootstrap.php(84): Zend_Controller_Front->dispatch()
#23 /var/www/html/socialengine/application/libraries/Engine/Application.php(160): Core_Bootstrap->run()
#24 /var/www/html/socialengine/application/index.php(223): Engine_Application->run()
#25 /var/www/html/socialengine/index.php(77): include('/var/www/html/s...')
#26 {main}
2018-07-13T20:22:30+00:00 ERR (3): Error Code: 8d9a00
exception 'Zend_Db_Statement_Mysqli_Exception' with message 'Mysqli prepare error: MySQL server has gone away' in /var/www/html/socialengine/application/libraries/Zend/Db/Statement/Mysqli.php:77
Stack trace:
#0 /var/www/html/socialengine/application/libraries/Zend/Db/Statement.php(115): Zend_Db_Statement_Mysqli->_prepare('SELECT `engine4...')
#1 /var/www/html/socialengine/application/libraries/Zend/Db/Adapter/Mysqli.php(388): Zend_Db_Statement->__construct(Object(Zend_Db_Adapter_Mysqli), 'SELECT `engine4...')
#2 /var/www/html/socialengine/application/libraries/Zend/Db/Adapter/Abstract.php(479): Zend_Db_Adapter_Mysqli->prepare('SELECT `engine4...')
#3 /var/www/html/socialengine/application/libraries/Zend/Db/Table/Abstract.php(1577): Zend_Db_Adapter_Abstract->query(Object(Zend_Db_Table_Select))
#4 /var/www/html/socialengine/application/libraries/Zend/Db/Table/Abstract.php(1439): Zend_Db_Table_Abstract->_fetch(Object(Zend_Db_Table_Select))
#5 /var/www/html/socialengine/application/modules/Core/Model/DbTable/Tasks.php(299): Zend_Db_Table_Abstract->fetchRow(Array)
#6 /var/www/html/socialengine/application/modules/Core/Model/DbTable/Tasks.php(257): Core_Model_DbTable_Tasks->_triggerCheck()
#7 /var/www/html/socialengine/application/modules/Core/Bootstrap.php(90): Core_Model_DbTable_Tasks->trigger()
#8 /var/www/html/socialengine/application/libraries/Engine/Application.php(160): Core_Bootstrap->run()
#9 /var/www/html/socialengine/application/index.php(223): Engine_Application->run()
#10 /var/www/html/socialengine/index.php(77): include('/var/www/html/s...')
#11 {main}
